22-07-2020 13:35:47.982 [Gauge] [INFO] Watching directory: c:\Users\BerkayKarakoc\Desktop\todo-app\services\web\specs
22-07-2020 13:35:47.985 [Gauge] [DEBUG] Found 1 files
22-07-2020 13:35:52.402 [Gauge] [INFO] Watching directory: c:\Users\BerkayKarakoc\Desktop\todo-app\services\web\specs
22-07-2020 13:35:52.405 [Gauge] [DEBUG] Found 1 files
22-07-2020 13:35:55.318 [Gauge] [INFO] Initializing concepts cache with 0 concepts
22-07-2020 13:35:55.320 [Gauge] [INFO] Initializing specs cache with 1 specs
22-07-2020 13:35:55.320 [Gauge] [DEBUG] Adding specs from c:\Users\BerkayKarakoc\Desktop\todo-app\services\web\specs\example.spec
22-07-2020 13:35:55.320 [Gauge] [INFO] Initializing steps cache with 1 steps
22-07-2020 13:35:55.321 [Gauge] [INFO] Starting language runner
22-07-2020 13:35:55.830 [Gauge] [DEBUG] Attempting to connect to grpc server at port: 63341
22-07-2020 13:35:55.836 [Gauge] [DEBUG] Successfully made the connection with runner with port: 63341
22-07-2020 13:35:55.836 [Gauge] [INFO] LangServer: reading on stdin, writing on stdout
22-07-2020 13:35:58.117 [Gauge] [DEBUG] Validation started.
22-07-2020 13:35:58.122 [Gauge] [DEBUG] Validation completed.
22-07-2020 13:36:00.296 [Gauge] [DEBUG] Validation started.
22-07-2020 13:36:00.298 [Gauge] [DEBUG] Validation completed.
22-07-2020 13:37:42.573 [Gauge] [DEBUG] Validation started.
22-07-2020 13:37:42.575 [Gauge] [DEBUG] Validation completed.
22-07-2020 13:37:51.084 [Gauge] [DEBUG] Validation started.
22-07-2020 13:37:51.085 [Gauge] [DEBUG] Validation completed.
22-07-2020 13:38:24.975 [Gauge] [DEBUG] Validation started.
22-07-2020 13:38:24.976 [Gauge] [DEBUG] Validation completed.
22-07-2020 13:38:27.286 [Gauge] [DEBUG] Validation started.
22-07-2020 13:38:27.287 [Gauge] [DEBUG] Validation completed.
22-07-2020 13:38:42.252 [Gauge] [DEBUG] Validation started.
22-07-2020 13:38:42.254 [Gauge] [DEBUG] Validation completed.
22-07-2020 13:38:52.279 [Gauge] [DEBUG] Validation started.
22-07-2020 13:38:52.280 [Gauge] [DEBUG] Validation completed.
22-07-2020 13:38:54.384 [Gauge] [DEBUG] Validation started.
22-07-2020 13:38:54.385 [Gauge] [DEBUG] Validation completed.
22-07-2020 13:42:00.750 [Gauge] [DEBUG] Validation started.
22-07-2020 13:42:00.752 [Gauge] [DEBUG] Validation completed.
22-07-2020 13:42:02.978 [Gauge] [DEBUG] Validation started.
22-07-2020 13:42:02.979 [Gauge] [DEBUG] Validation completed.
22-07-2020 13:42:14.775 [Gauge] [DEBUG] Validation started.
22-07-2020 13:42:14.776 [Gauge] [DEBUG] Validation completed.
22-07-2020 13:42:17.003 [Gauge] [DEBUG] Validation started.
22-07-2020 13:42:17.004 [Gauge] [DEBUG] Validation completed.
22-07-2020 13:42:19.266 [Gauge] [DEBUG] Validation started.
22-07-2020 13:42:19.267 [Gauge] [DEBUG] Validation completed.
22-07-2020 13:42:21.432 [Gauge] [DEBUG] Validation started.
22-07-2020 13:42:21.434 [Gauge] [DEBUG] Validation completed.
22-07-2020 13:42:23.834 [Gauge] [DEBUG] Validation started.
22-07-2020 13:42:23.836 [Gauge] [DEBUG] Validation completed.
22-07-2020 13:43:18.846 [js] [ERROR] Line 9: Unexpected identifier
22-07-2020 13:43:19.618 [js] [ERROR] Line 9: Unexpected identifier
22-07-2020 13:43:20.155 [Gauge] [DEBUG] Validation started.
22-07-2020 13:43:20.156 [Gauge] [DEBUG] Validation completed.
22-07-2020 13:43:22.384 [Gauge] [DEBUG] Validation started.
22-07-2020 13:43:22.386 [Gauge] [DEBUG] Validation completed.
22-07-2020 13:43:24.535 [Gauge] [DEBUG] Validation started.
22-07-2020 13:43:24.536 [Gauge] [DEBUG] Validation completed.
22-07-2020 13:43:27.848 [Gauge] [DEBUG] Validation started.
22-07-2020 13:43:27.849 [Gauge] [DEBUG] Validation completed.
22-07-2020 13:43:30.769 [Gauge] [DEBUG] Validation started.
22-07-2020 13:43:30.771 [Gauge] [DEBUG] Validation completed.
22-07-2020 13:43:32.482 [js] [ERROR] Line 33: Invalid regular expression: missing /
22-07-2020 13:43:34.817 [Gauge] [DEBUG] Validation started.
22-07-2020 13:43:34.819 [Gauge] [DEBUG] Validation completed.
22-07-2020 13:43:36.948 [Gauge] [DEBUG] Validation started.
22-07-2020 13:43:36.949 [Gauge] [DEBUG] Validation completed.
22-07-2020 13:44:36.696 [js] [ERROR] Line 35: Unexpected token in
22-07-2020 13:44:38.943 [Gauge] [DEBUG] Validation started.
22-07-2020 13:44:38.944 [Gauge] [DEBUG] Validation completed.
22-07-2020 13:44:41.171 [Gauge] [DEBUG] Validation started.
22-07-2020 13:44:41.173 [Gauge] [DEBUG] Validation completed.
22-07-2020 13:44:50.031 [Gauge] [DEBUG] Validation started.
22-07-2020 13:44:50.033 [Gauge] [DEBUG] Validation completed.
22-07-2020 13:44:50.152 [js] [ERROR] Line 35: Unexpected token }
22-07-2020 13:44:50.595 [js] [ERROR] Line 35: Unexpected token }
22-07-2020 13:44:52.108 [js] [ERROR] Line 35: Unexpected token }
22-07-2020 13:44:52.306 [Gauge] [DEBUG] Validation started.
22-07-2020 13:44:52.307 [Gauge] [DEBUG] Validation completed.
22-07-2020 13:44:54.497 [Gauge] [DEBUG] Validation started.
22-07-2020 13:44:54.498 [Gauge] [DEBUG] Validation completed.
22-07-2020 13:44:56.711 [Gauge] [DEBUG] Validation started.
22-07-2020 13:44:56.712 [Gauge] [DEBUG] Validation completed.
22-07-2020 13:44:58.919 [Gauge] [DEBUG] Validation started.
22-07-2020 13:44:58.920 [Gauge] [DEBUG] Validation completed.
22-07-2020 13:46:13.905 [js] [ERROR] Line 8: Unexpected token (
22-07-2020 13:46:16.326 [Gauge] [DEBUG] Validation started.
22-07-2020 13:46:16.328 [Gauge] [DEBUG] Validation completed.
22-07-2020 13:46:19.124 [Gauge] [DEBUG] Validation started.
22-07-2020 13:46:19.126 [Gauge] [DEBUG] Validation completed.
22-07-2020 13:46:56.402 [Gauge] [DEBUG] Validation started.
22-07-2020 13:46:56.404 [Gauge] [DEBUG] Validation completed.
22-07-2020 13:46:58.734 [Gauge] [DEBUG] Validation started.
22-07-2020 13:46:58.736 [Gauge] [DEBUG] Validation completed.
22-07-2020 13:50:02.534 [js] [ERROR] Line 35: Unexpected token in
22-07-2020 13:50:03.210 [Gauge] [DEBUG] Validation started.
22-07-2020 13:50:03.212 [Gauge] [DEBUG] Validation completed.
22-07-2020 13:50:03.945 [js] [ERROR] Line 35: Unexpected token in
22-07-2020 13:50:05.587 [Gauge] [DEBUG] Validation started.
22-07-2020 13:50:05.589 [Gauge] [DEBUG] Validation completed.
22-07-2020 13:50:07.906 [Gauge] [DEBUG] Validation started.
22-07-2020 13:50:07.907 [Gauge] [DEBUG] Validation completed.
22-07-2020 13:50:10.223 [Gauge] [DEBUG] Validation started.
22-07-2020 13:50:10.224 [Gauge] [DEBUG] Validation completed.
22-07-2020 13:50:11.037 [js] [ERROR] Line 35: Unexpected token }
22-07-2020 13:50:12.522 [Gauge] [DEBUG] Validation started.
22-07-2020 13:50:12.523 [Gauge] [DEBUG] Validation completed.
22-07-2020 13:50:14.665 [Gauge] [DEBUG] Validation started.
22-07-2020 13:50:14.667 [Gauge] [DEBUG] Validation completed.
22-07-2020 13:50:16.970 [Gauge] [DEBUG] Validation started.
22-07-2020 13:50:16.971 [Gauge] [DEBUG] Validation completed.
22-07-2020 13:50:22.168 [Gauge] [DEBUG] Validation started.
22-07-2020 13:50:22.170 [Gauge] [DEBUG] Validation completed.
22-07-2020 13:50:39.511 [js] [ERROR] Line 10: Unexpected identifier
22-07-2020 13:50:41.111 [Gauge] [DEBUG] Validation started.
22-07-2020 13:50:41.112 [Gauge] [DEBUG] Validation completed.
22-07-2020 13:50:43.749 [Gauge] [DEBUG] Validation started.
22-07-2020 13:50:43.751 [Gauge] [DEBUG] Validation completed.
22-07-2020 13:51:37.430 [Gauge] [DEBUG] Validation started.
22-07-2020 13:51:37.431 [Gauge] [DEBUG] Validation completed.
22-07-2020 13:51:39.793 [Gauge] [DEBUG] Validation started.
22-07-2020 13:51:39.795 [Gauge] [DEBUG] Validation completed.
22-07-2020 13:51:42.075 [Gauge] [DEBUG] Validation started.
22-07-2020 13:51:42.077 [Gauge] [DEBUG] Validation completed.
22-07-2020 13:51:56.424 [Gauge] [DEBUG] Validation started.
22-07-2020 13:51:56.426 [Gauge] [DEBUG] Validation completed.
22-07-2020 13:56:16.148 [js] [ERROR] Line 38: Unexpected identifier
22-07-2020 13:56:18.224 [Gauge] [DEBUG] Validation started.
22-07-2020 13:56:18.225 [Gauge] [DEBUG] Validation completed.
22-07-2020 13:56:19.195 [js] [ERROR] Line 38: Unexpected identifier
22-07-2020 13:56:20.441 [Gauge] [DEBUG] Validation started.
22-07-2020 13:56:20.442 [Gauge] [DEBUG] Validation completed.
22-07-2020 13:56:22.616 [Gauge] [DEBUG] Validation started.
22-07-2020 13:56:24.289 [js] [ERROR] Line 39: Unexpected token ILLEGAL
22-07-2020 13:56:24.897 [Gauge] [DEBUG] Validation started.
22-07-2020 13:56:25.089 [js] [ERROR] Line 39: Unexpected token ILLEGAL
22-07-2020 13:56:27.062 [Gauge] [DEBUG] Validation started.
22-07-2020 13:56:29.273 [Gauge] [DEBUG] Validation started.
22-07-2020 13:57:33.061 [Gauge] [DEBUG] Validation started.
22-07-2020 13:57:33.063 [Gauge] [DEBUG] Validation completed.
22-07-2020 13:57:35.242 [Gauge] [DEBUG] Validation started.
22-07-2020 13:57:35.244 [Gauge] [DEBUG] Validation completed.
22-07-2020 13:57:56.968 [Gauge] [DEBUG] Validation started.
22-07-2020 13:57:56.970 [Gauge] [DEBUG] Validation completed.
22-07-2020 13:57:59.357 [Gauge] [DEBUG] Validation started.
22-07-2020 13:57:59.359 [Gauge] [DEBUG] Validation completed.
22-07-2020 13:58:01.575 [Gauge] [DEBUG] Validation started.
22-07-2020 13:58:01.576 [Gauge] [DEBUG] Validation completed.
22-07-2020 13:58:03.867 [Gauge] [DEBUG] Validation started.
22-07-2020 13:58:03.868 [Gauge] [DEBUG] Validation completed.
22-07-2020 13:58:07.784 [Gauge] [INFO] Spec file added / modified: c:\Users\BerkayKarakoc\Desktop\todo-app\services\web\specs\example.spec
22-07-2020 13:58:07.786 [Gauge] [INFO] Spec file added / modified: c:\Users\BerkayKarakoc\Desktop\todo-app\services\web\specs\example.spec
22-07-2020 13:58:08.180 [Gauge] [DEBUG] request #179: textDocument/codeLens: failed to parse c:\Users\BerkayKarakoc\Desktop\todo-app\services\web\specs\example.spec
c:\Users\BerkayKarakoc\Desktop\todo-app\services\web\specs\example.spec:10 Step should not be blank
22-07-2020 13:58:08.277 [Gauge] [DEBUG] request #181: textDocument/documentSymbol: parsing failed for c:\Users\BerkayKarakoc\Desktop\todo-app\services\web\specs\example.spec. [[ParseError] c:\Users\BerkayKarakoc\Desktop\todo-app\services\web\specs\example.spec:10 Step should not be blank => '']
22-07-2020 13:58:08.428 [Gauge] [INFO] Spec file added / modified: c:\Users\BerkayKarakoc\Desktop\todo-app\services\web\specs\example.spec
22-07-2020 13:58:08.430 [Gauge] [INFO] Spec file added / modified: c:\Users\BerkayKarakoc\Desktop\todo-app\services\web\specs\example.spec
22-07-2020 13:58:08.703 [Gauge] [DEBUG] request #182: textDocument/codeLens: failed to parse c:\Users\BerkayKarakoc\Desktop\todo-app\services\web\specs\example.spec
c:\Users\BerkayKarakoc\Desktop\todo-app\services\web\specs\example.spec:10 Step should not be blank
22-07-2020 13:58:09.303 [Gauge] [INFO] Spec file added / modified: c:\Users\BerkayKarakoc\Desktop\todo-app\services\web\specs\example.spec
22-07-2020 13:58:09.305 [Gauge] [INFO] Spec file added / modified: c:\Users\BerkayKarakoc\Desktop\todo-app\services\web\specs\example.spec
22-07-2020 13:58:09.712 [Gauge] [DEBUG] Validation started.
22-07-2020 13:58:09.714 [Gauge] [DEBUG] Validation completed.
22-07-2020 13:58:10.341 [Gauge] [INFO] Spec file added / modified: c:\Users\BerkayKarakoc\Desktop\todo-app\services\web\specs\example.spec
22-07-2020 13:58:10.349 [Gauge] [INFO] Spec file added / modified: c:\Users\BerkayKarakoc\Desktop\todo-app\services\web\specs\example.spec
22-07-2020 13:58:11.866 [Gauge] [DEBUG] Validation started.
22-07-2020 13:58:11.868 [Gauge] [DEBUG] Validation completed.
22-07-2020 14:01:48.867 [Gauge] [DEBUG] Validation started.
22-07-2020 14:01:48.870 [Gauge] [DEBUG] Validation completed.
22-07-2020 14:01:51.057 [Gauge] [DEBUG] Validation started.
22-07-2020 14:01:51.059 [Gauge] [DEBUG] Validation completed.
22-07-2020 14:01:53.212 [Gauge] [DEBUG] Validation started.
22-07-2020 14:01:53.215 [Gauge] [DEBUG] Validation completed.
22-07-2020 14:01:55.483 [Gauge] [DEBUG] Validation started.
22-07-2020 14:01:55.485 [Gauge] [DEBUG] Validation completed.
22-07-2020 14:01:57.629 [Gauge] [DEBUG] Validation started.
22-07-2020 14:01:57.631 [Gauge] [DEBUG] Validation completed.
22-07-2020 14:01:59.923 [Gauge] [DEBUG] Validation started.
22-07-2020 14:01:59.926 [Gauge] [DEBUG] Validation completed.
22-07-2020 14:02:18.966 [Gauge] [DEBUG] Validation started.
22-07-2020 14:02:18.968 [Gauge] [DEBUG] Validation completed.
22-07-2020 14:02:21.198 [Gauge] [DEBUG] Validation started.
22-07-2020 14:02:21.201 [Gauge] [DEBUG] Validation completed.
22-07-2020 14:04:53.769 [Gauge] [DEBUG] Validation started.
22-07-2020 14:04:53.772 [Gauge] [DEBUG] Validation completed.
22-07-2020 14:04:56.026 [Gauge] [DEBUG] Validation started.
22-07-2020 14:04:56.028 [Gauge] [DEBUG] Validation completed.
22-07-2020 14:04:58.209 [Gauge] [DEBUG] Validation started.
22-07-2020 14:04:58.211 [Gauge] [DEBUG] Validation completed.
22-07-2020 14:05:03.979 [Gauge] [DEBUG] Validation started.
22-07-2020 14:05:06.465 [Gauge] [DEBUG] Validation started.
22-07-2020 14:06:48.255 [Gauge] [DEBUG] Validation started.
22-07-2020 14:06:50.571 [Gauge] [DEBUG] Validation started.
22-07-2020 14:07:09.552 [Gauge] [DEBUG] Validation started.
22-07-2020 14:07:11.744 [Gauge] [DEBUG] Validation started.
22-07-2020 14:08:09.505 [Gauge] [DEBUG] Validation started.
22-07-2020 14:08:11.769 [Gauge] [DEBUG] Validation started.
22-07-2020 14:08:11.771 [Gauge] [DEBUG] Validation completed.
22-07-2020 14:08:14.013 [Gauge] [DEBUG] Validation started.
22-07-2020 14:08:14.016 [Gauge] [DEBUG] Validation completed.
22-07-2020 14:08:25.811 [Gauge] [DEBUG] Validation started.
22-07-2020 14:08:25.814 [Gauge] [DEBUG] Validation completed.
22-07-2020 14:08:28.123 [Gauge] [DEBUG] Validation started.
22-07-2020 14:08:28.126 [Gauge] [DEBUG] Validation completed.
22-07-2020 14:08:30.348 [Gauge] [DEBUG] Validation started.
22-07-2020 14:08:30.350 [Gauge] [DEBUG] Validation completed.
22-07-2020 14:10:11.292 [js] [ERROR] Line 44: Unexpected token (
22-07-2020 14:10:12.430 [Gauge] [DEBUG] Validation started.
22-07-2020 14:10:12.433 [Gauge] [DEBUG] Validation completed.
22-07-2020 14:10:14.630 [Gauge] [DEBUG] Validation started.
22-07-2020 14:10:14.632 [Gauge] [DEBUG] Validation completed.
22-07-2020 14:10:16.777 [Gauge] [DEBUG] Validation started.
22-07-2020 14:10:16.779 [Gauge] [DEBUG] Validation completed.
22-07-2020 14:10:19.555 [Gauge] [DEBUG] Validation started.
22-07-2020 14:10:19.558 [Gauge] [DEBUG] Validation completed.
22-07-2020 14:10:21.656 [js] [ERROR] Line 46: Unexpected token }
22-07-2020 14:10:21.742 [Gauge] [DEBUG] Validation started.
22-07-2020 14:10:21.744 [Gauge] [DEBUG] Validation completed.
22-07-2020 14:10:23.972 [Gauge] [DEBUG] Validation started.
22-07-2020 14:10:23.975 [Gauge] [DEBUG] Validation completed.
22-07-2020 14:10:40.299 [Gauge] [DEBUG] Validation started.
22-07-2020 14:10:40.301 [Gauge] [DEBUG] Validation completed.
22-07-2020 14:10:42.522 [Gauge] [DEBUG] Validation started.
22-07-2020 14:10:42.524 [Gauge] [DEBUG] Validation completed.
22-07-2020 14:11:02.986 [js] [ERROR] Line 46: Unexpected token }
22-07-2020 14:11:04.612 [js] [ERROR] Line 44: Unexpected token (
22-07-2020 14:11:04.753 [Gauge] [DEBUG] Validation started.
22-07-2020 14:11:04.755 [Gauge] [DEBUG] Validation completed.
22-07-2020 14:11:06.881 [Gauge] [DEBUG] Validation started.
22-07-2020 14:11:06.883 [Gauge] [DEBUG] Validation completed.
22-07-2020 14:11:09.181 [Gauge] [DEBUG] Validation started.
22-07-2020 14:11:11.462 [Gauge] [DEBUG] Validation started.
22-07-2020 14:11:13.740 [Gauge] [DEBUG] Validation started.
22-07-2020 14:11:17.008 [Gauge] [DEBUG] Validation started.
22-07-2020 14:11:19.276 [Gauge] [DEBUG] Validation started.
22-07-2020 14:11:25.987 [js] [ERROR] Line 36: Unexpected token .
22-07-2020 14:11:26.344 [Gauge] [DEBUG] Validation started.
22-07-2020 14:11:28.537 [Gauge] [DEBUG] Validation started.
22-07-2020 14:11:30.641 [Gauge] [DEBUG] Validation started.
22-07-2020 14:11:33.046 [Gauge] [DEBUG] Validation started.
22-07-2020 14:11:46.211 [Gauge] [DEBUG] Validation started.
22-07-2020 14:11:48.395 [Gauge] [DEBUG] Validation started.
22-07-2020 14:11:51.008 [Gauge] [DEBUG] Validation started.
22-07-2020 14:11:52.911 [js] [ERROR] Line 44: Unexpected token ;
22-07-2020 14:11:53.208 [Gauge] [DEBUG] Validation started.
22-07-2020 14:11:55.331 [Gauge] [DEBUG] Validation started.
22-07-2020 14:12:08.502 [js] [ERROR] Line 44: Unexpected token )
22-07-2020 14:12:08.882 [js] [ERROR] Line 44: Unexpected token (
22-07-2020 14:12:09.109 [Gauge] [DEBUG] Validation started.
22-07-2020 14:12:09.330 [js] [ERROR] Line 44: Unexpected token )
22-07-2020 14:12:09.954 [js] [ERROR] Line 44: Unexpected token )
22-07-2020 14:12:10.308 [js] [ERROR] Line 44: Unexpected token )
22-07-2020 14:12:10.565 [js] [ERROR] Line 44: Unexpected token )
22-07-2020 14:12:11.411 [Gauge] [DEBUG] Validation started.
22-07-2020 14:12:13.552 [Gauge] [DEBUG] Validation started.
22-07-2020 14:12:16.077 [Gauge] [DEBUG] Validation started.
22-07-2020 14:17:00.338 [Gauge] [DEBUG] Validation started.
22-07-2020 14:17:02.450 [Gauge] [DEBUG] Validation started.
22-07-2020 14:17:17.804 [Gauge] [DEBUG] Validation started.
22-07-2020 14:17:18.471 [js] [ERROR] Line 42: Unexpected identifier
22-07-2020 14:17:18.846 [js] [ERROR] Line 42: Unexpected identifier
22-07-2020 14:17:19.287 [js] [ERROR] Line 42: Unexpected token ;
22-07-2020 14:17:20.526 [js] [ERROR] Line 42: Unexpected token ;
22-07-2020 14:17:20.753 [Gauge] [DEBUG] Validation started.
22-07-2020 14:17:21.611 [js] [ERROR] Line 42: Unexpected token ;
22-07-2020 14:17:22.114 [js] [ERROR] Line 42: Unexpected token ;
22-07-2020 14:17:22.454 [js] [ERROR] Line 42: Unexpected token ;
22-07-2020 14:17:22.957 [Gauge] [DEBUG] Validation started.
22-07-2020 14:17:24.587 [js] [ERROR] Line 42: Unexpected token ;
22-07-2020 14:17:24.976 [js] [ERROR] Line 42: Unexpected token ;
22-07-2020 14:17:25.106 [Gauge] [DEBUG] Validation started.
22-07-2020 14:17:27.032 [js] [ERROR] Line 42: Unexpected token ;
22-07-2020 14:17:27.267 [Gauge] [DEBUG] Validation started.
22-07-2020 14:17:29.556 [Gauge] [DEBUG] Validation started.
22-07-2020 14:17:30.699 [js] [ERROR] Line 43: Unexpected token }
22-07-2020 14:17:32.796 [Gauge] [DEBUG] Validation started.
22-07-2020 14:17:36.310 [js] [ERROR] Line 43: Unexpected token }
22-07-2020 14:17:38.405 [Gauge] [DEBUG] Validation started.
22-07-2020 14:17:42.710 [Gauge] [DEBUG] Validation started.
22-07-2020 14:17:44.876 [Gauge] [DEBUG] Validation started.
22-07-2020 14:17:51.622 [Gauge] [DEBUG] Validation started.
22-07-2020 14:17:53.109 [Gauge] [INFO] Spec file added / modified: c:\Users\BerkayKarakoc\Desktop\todo-app\services\web\specs\example.spec
22-07-2020 14:17:53.111 [Gauge] [INFO] Spec file added / modified: c:\Users\BerkayKarakoc\Desktop\todo-app\services\web\specs\example.spec
22-07-2020 14:17:53.567 [Gauge] [INFO] Spec file added / modified: c:\Users\BerkayKarakoc\Desktop\todo-app\services\web\specs\example.spec
22-07-2020 14:17:53.570 [Gauge] [INFO] Spec file added / modified: c:\Users\BerkayKarakoc\Desktop\todo-app\services\web\specs\example.spec
22-07-2020 14:17:53.741 [Gauge] [DEBUG] Validation started.
22-07-2020 14:17:56.027 [Gauge] [DEBUG] Validation started.
22-07-2020 14:17:58.874 [Gauge] [DEBUG] Validation started.
22-07-2020 14:18:01.429 [Gauge] [DEBUG] Validation started.
22-07-2020 14:18:04.113 [Gauge] [DEBUG] Validation started.
22-07-2020 14:18:04.114 [Gauge] [DEBUG] Validation completed.
22-07-2020 14:18:06.309 [Gauge] [DEBUG] Validation started.
22-07-2020 14:18:06.310 [Gauge] [DEBUG] Validation completed.
22-07-2020 14:18:20.803 [Gauge] [DEBUG] Validation started.
22-07-2020 14:18:20.804 [Gauge] [DEBUG] Validation completed.
22-07-2020 14:18:23.082 [Gauge] [DEBUG] Validation started.
22-07-2020 14:18:23.084 [Gauge] [DEBUG] Validation completed.
22-07-2020 14:18:55.394 [Gauge] [DEBUG] Validation started.
22-07-2020 14:18:55.395 [Gauge] [DEBUG] Validation completed.
22-07-2020 14:18:57.638 [Gauge] [DEBUG] Validation started.
22-07-2020 14:18:57.640 [Gauge] [DEBUG] Validation completed.
22-07-2020 14:18:59.836 [Gauge] [DEBUG] Validation started.
22-07-2020 14:18:59.838 [Gauge] [DEBUG] Validation completed.
22-07-2020 14:19:02.064 [Gauge] [DEBUG] Validation started.
22-07-2020 14:19:02.066 [Gauge] [DEBUG] Validation completed.
22-07-2020 14:19:04.283 [Gauge] [DEBUG] Validation started.
22-07-2020 14:19:04.284 [Gauge] [DEBUG] Validation completed.
22-07-2020 14:22:08.160 [Gauge] [DEBUG] Validation started.
22-07-2020 14:22:09.813 [js] [ERROR] Line 43: Unexpected token }
22-07-2020 14:22:10.115 [js] [ERROR] Line 43: Unexpected token }
22-07-2020 14:22:10.314 [Gauge] [DEBUG] Validation started.
22-07-2020 14:22:10.409 [js] [ERROR] Line 42: Unexpected token ;
22-07-2020 14:22:10.657 [js] [ERROR] Line 42: Unexpected token ;
22-07-2020 14:22:10.922 [js] [ERROR] Line 42: Unexpected token ;
22-07-2020 14:22:11.150 [js] [ERROR] Line 42: Unexpected token ;
22-07-2020 14:22:11.381 [js] [ERROR] Line 42: Unexpected token ;
22-07-2020 14:22:11.660 [js] [ERROR] Line 42: Unexpected token ;
22-07-2020 14:22:11.912 [js] [ERROR] Line 42: Unexpected identifier
22-07-2020 14:22:12.610 [Gauge] [DEBUG] Validation started.
22-07-2020 14:22:14.729 [Gauge] [DEBUG] Validation started.
22-07-2020 14:22:16.922 [Gauge] [DEBUG] Validation started.
22-07-2020 14:22:19.069 [Gauge] [DEBUG] Validation started.
22-07-2020 14:22:53.808 [Gauge] [DEBUG] Validation started.
22-07-2020 14:22:55.533 [js] [ERROR] Line 44: Unexpected token ;
22-07-2020 14:22:57.668 [Gauge] [DEBUG] Validation started.
22-07-2020 14:22:58.064 [js] [ERROR] Line 44: Unexpected token ;
22-07-2020 14:22:58.503 [js] [ERROR] Line 44: Unexpected token ;
22-07-2020 14:23:00.267 [Gauge] [DEBUG] Validation started.
22-07-2020 14:23:02.500 [Gauge] [DEBUG] Validation started.
22-07-2020 14:23:04.795 [Gauge] [DEBUG] Validation started.
22-07-2020 14:24:25.829 [js] [ERROR] Line 44: Unexpected token ;
22-07-2020 14:24:27.987 [Gauge] [DEBUG] Validation started.
22-07-2020 14:24:30.147 [Gauge] [DEBUG] Validation started.
22-07-2020 14:24:40.983 [Gauge] [DEBUG] Validation started.
22-07-2020 14:24:43.172 [Gauge] [DEBUG] Validation started.
22-07-2020 14:25:08.895 [Gauge] [DEBUG] Validation started.
22-07-2020 14:25:37.646 [Gauge] [DEBUG] Validation started.
22-07-2020 14:25:58.703 [Gauge] [DEBUG] Validation started.
22-07-2020 14:26:00.786 [Gauge] [DEBUG] Validation started.
22-07-2020 14:26:16.881 [Gauge] [DEBUG] Validation started.
22-07-2020 14:26:19.063 [Gauge] [DEBUG] Validation started.
22-07-2020 14:26:21.207 [Gauge] [DEBUG] Validation started.
22-07-2020 14:26:23.476 [Gauge] [DEBUG] Validation started.
22-07-2020 14:26:25.686 [Gauge] [DEBUG] Validation started.
22-07-2020 14:26:28.581 [Gauge] [DEBUG] Validation started.
22-07-2020 14:26:39.113 [Gauge] [DEBUG] Validation started.
22-07-2020 14:26:42.397 [js] [ERROR] Line 48: Unexpected string
22-07-2020 14:26:42.719 [js] [ERROR] Line 48: Unexpected string
22-07-2020 14:26:42.881 [Gauge] [DEBUG] Validation started.
22-07-2020 14:26:43.315 [js] [ERROR] Line 48: Unexpected token ;
22-07-2020 14:26:45.079 [Gauge] [DEBUG] Validation started.
22-07-2020 14:26:47.204 [Gauge] [DEBUG] Validation started.
22-07-2020 14:26:59.841 [Gauge] [DEBUG] Validation started.
22-07-2020 14:27:01.948 [Gauge] [DEBUG] Validation started.
22-07-2020 14:27:04.582 [js] [ERROR] Line 51: Unexpected identifier
22-07-2020 14:27:04.582 [Gauge] [DEBUG] Validation started.
22-07-2020 14:27:06.800 [Gauge] [DEBUG] Validation started.
22-07-2020 14:27:08.923 [Gauge] [DEBUG] Validation started.
22-07-2020 14:27:11.087 [Gauge] [DEBUG] Validation started.
22-07-2020 14:27:14.533 [Gauge] [DEBUG] Validation started.
22-07-2020 14:27:16.794 [Gauge] [DEBUG] Validation started.
22-07-2020 14:27:19.321 [Gauge] [DEBUG] Validation started.
22-07-2020 14:27:21.503 [Gauge] [DEBUG] Validation started.
22-07-2020 14:27:23.773 [Gauge] [DEBUG] Validation started.
22-07-2020 14:27:25.925 [Gauge] [DEBUG] Validation started.
22-07-2020 14:27:28.139 [Gauge] [DEBUG] Validation started.
22-07-2020 14:27:30.290 [Gauge] [DEBUG] Validation started.
22-07-2020 14:27:32.422 [Gauge] [DEBUG] Validation started.
22-07-2020 14:27:40.979 [Gauge] [DEBUG] Validation started.
22-07-2020 14:27:44.202 [Gauge] [DEBUG] Validation started.
22-07-2020 14:30:25.065 [Gauge] [DEBUG] Validation started.
22-07-2020 14:30:58.947 [Gauge] [DEBUG] Validation started.
22-07-2020 14:31:03.343 [Gauge] [DEBUG] Validation started.
22-07-2020 14:31:05.634 [Gauge] [DEBUG] Validation started.
22-07-2020 14:31:07.743 [Gauge] [DEBUG] Validation started.
22-07-2020 14:31:09.833 [Gauge] [DEBUG] Validation started.
22-07-2020 14:31:12.402 [Gauge] [DEBUG] Validation started.
22-07-2020 14:31:14.586 [Gauge] [DEBUG] Validation started.
22-07-2020 14:32:13.550 [Gauge] [DEBUG] Validation started.
22-07-2020 14:32:15.713 [Gauge] [DEBUG] Validation started.
22-07-2020 14:32:17.860 [Gauge] [DEBUG] Validation started.
22-07-2020 14:32:20.011 [Gauge] [DEBUG] Validation started.
22-07-2020 14:32:23.019 [Gauge] [DEBUG] Validation started.
22-07-2020 14:32:46.832 [Gauge] [DEBUG] Validation started.
22-07-2020 14:32:49.010 [Gauge] [DEBUG] Validation started.
22-07-2020 14:32:52.471 [js] [ERROR] Line 50: Unexpected identifier
22-07-2020 14:32:53.649 [Gauge] [DEBUG] Validation started.
22-07-2020 14:32:55.841 [Gauge] [DEBUG] Validation started.
22-07-2020 14:32:57.978 [Gauge] [DEBUG] Validation started.
22-07-2020 14:33:26.425 [Gauge] [DEBUG] Validation started.
22-07-2020 14:33:28.546 [Gauge] [DEBUG] Validation started.
22-07-2020 14:33:35.938 [Gauge] [DEBUG] Validation started.
22-07-2020 14:33:38.185 [Gauge] [DEBUG] Validation started.
22-07-2020 14:35:21.472 [Gauge] [DEBUG] Validation started.
22-07-2020 14:35:27.024 [Gauge] [DEBUG] Validation started.
22-07-2020 14:35:29.269 [Gauge] [DEBUG] Validation started.
22-07-2020 14:35:35.674 [Gauge] [DEBUG] Validation started.
22-07-2020 14:35:38.885 [Gauge] [DEBUG] Validation started.
22-07-2020 14:35:41.084 [Gauge] [DEBUG] Validation started.
22-07-2020 14:35:43.197 [Gauge] [DEBUG] Validation started.
22-07-2020 14:36:15.921 [Gauge] [DEBUG] Validation started.
22-07-2020 14:36:18.030 [js] [ERROR] Line 48: Unexpected identifier
22-07-2020 14:36:18.151 [Gauge] [DEBUG] Validation started.
22-07-2020 14:36:18.989 [js] [ERROR] Line 47: Missing initializer in const declaration
22-07-2020 14:36:20.012 [js] [ERROR] Line 47: Missing initializer in const declaration
22-07-2020 14:36:20.286 [Gauge] [DEBUG] Validation started.
22-07-2020 14:36:22.525 [Gauge] [DEBUG] Validation started.
22-07-2020 14:36:24.743 [Gauge] [DEBUG] Validation started.
22-07-2020 14:36:27.003 [Gauge] [DEBUG] Validation started.
22-07-2020 14:36:29.225 [Gauge] [DEBUG] Validation started.
22-07-2020 14:36:31.353 [Gauge] [DEBUG] Validation started.
22-07-2020 14:36:33.484 [Gauge] [DEBUG] Validation started.
22-07-2020 14:37:34.720 [Gauge] [DEBUG] Validation started.
22-07-2020 14:40:25.101 [js] [ERROR] Line 49: Unexpected token ,
22-07-2020 14:40:26.234 [js] [ERROR] Line 49: Unexpected identifier
22-07-2020 14:40:26.536 [js] [ERROR] Line 49: Unexpected token ,
22-07-2020 14:40:27.372 [Gauge] [DEBUG] Validation started.
22-07-2020 14:40:29.507 [Gauge] [DEBUG] Validation started.
22-07-2020 14:40:31.697 [Gauge] [DEBUG] Validation started.
22-07-2020 14:41:56.340 [js] [ERROR] Line 49: Unexpected token )
22-07-2020 14:41:58.200 [js] [ERROR] Line 49: Unexpected token ,
22-07-2020 14:41:58.568 [Gauge] [DEBUG] Validation started.
22-07-2020 14:41:59.032 [js] [ERROR] Line 49: Unexpected token )
22-07-2020 14:42:00.097 [js] [ERROR] Line 49: Unexpected token )
22-07-2020 14:42:00.758 [Gauge] [DEBUG] Validation started.
22-07-2020 14:42:01.378 [js] [ERROR] Line 49: Unexpected token )
22-07-2020 14:42:02.935 [Gauge] [DEBUG] Validation started.
22-07-2020 14:42:05.130 [Gauge] [DEBUG] Validation started.
22-07-2020 14:42:08.118 [Gauge] [DEBUG] Validation started.
22-07-2020 14:42:12.349 [js] [ERROR] Line 49: Unexpected token ;
22-07-2020 14:42:14.535 [Gauge] [DEBUG] Validation started.
22-07-2020 14:42:16.946 [Gauge] [DEBUG] Validation started.
22-07-2020 14:42:32.507 [Gauge] [DEBUG] Validation started.
22-07-2020 14:42:36.631 [js] [ERROR] Line 49: Unexpected token ]
22-07-2020 14:42:37.371 [Gauge] [DEBUG] Validation started.
22-07-2020 14:42:39.590 [Gauge] [DEBUG] Validation started.
22-07-2020 14:42:52.103 [js] [ERROR] Line 49: Unexpected token ;
22-07-2020 14:42:54.296 [Gauge] [DEBUG] Validation started.
22-07-2020 14:42:59.176 [Gauge] [DEBUG] Validation started.
22-07-2020 14:43:23.250 [js] [ERROR] Line 49: Unexpected token ,
22-07-2020 14:43:25.414 [Gauge] [DEBUG] Validation started.
22-07-2020 14:43:27.800 [Gauge] [DEBUG] Validation started.
22-07-2020 14:43:44.683 [Gauge] [DEBUG] Validation started.
22-07-2020 14:43:51.785 [Gauge] [DEBUG] Validation started.
22-07-2020 14:43:53.998 [Gauge] [DEBUG] Validation started.
22-07-2020 14:43:56.420 [Gauge] [DEBUG] Validation started.
22-07-2020 14:46:52.188 [Gauge] [DEBUG] Validation started.
22-07-2020 14:46:54.946 [Gauge] [DEBUG] Validation started.
22-07-2020 14:46:57.463 [Gauge] [DEBUG] Validation started.
22-07-2020 14:48:51.759 [js] [ERROR] Line 51: Unexpected token ;
22-07-2020 14:48:53.124 [js] [ERROR] Line 51: Unexpected token ;
22-07-2020 14:48:54.060 [Gauge] [DEBUG] Validation started.
22-07-2020 14:48:54.817 [js] [ERROR] Line 51: Unexpected token ;
22-07-2020 14:48:55.111 [js] [ERROR] Line 51: Unexpected token ;
22-07-2020 14:48:56.285 [Gauge] [DEBUG] Validation started.
22-07-2020 14:48:56.839 [js] [ERROR] Line 51: Unexpected token ;
22-07-2020 14:48:57.192 [js] [ERROR] Line 51: Unexpected token ;
22-07-2020 14:48:58.038 [js] [ERROR] Line 51: Unexpected token ;
22-07-2020 14:48:58.554 [Gauge] [DEBUG] Validation started.
22-07-2020 14:48:58.766 [js] [ERROR] Line 51: Unexpected token ;
22-07-2020 14:48:59.304 [js] [ERROR] Line 51: Unexpected token ;
22-07-2020 14:48:59.517 [js] [ERROR] Line 51: Unexpected token ;
22-07-2020 14:49:00.893 [Gauge] [DEBUG] Validation started.
22-07-2020 14:49:02.786 [js] [ERROR] Line 51: Unexpected token ;
22-07-2020 14:49:03.113 [Gauge] [DEBUG] Validation started.
22-07-2020 14:49:05.130 [js] [ERROR] Line 51: Unexpected token ;
22-07-2020 14:49:05.464 [Gauge] [DEBUG] Validation started.
22-07-2020 14:49:07.678 [js] [ERROR] Line 51: Unexpected token ;
22-07-2020 14:49:07.699 [Gauge] [DEBUG] Validation started.
22-07-2020 14:49:07.968 [js] [ERROR] Line 51: Unexpected token ;
22-07-2020 14:49:08.658 [js] [ERROR] Line 51: Unexpected token ;
22-07-2020 14:49:09.303 [js] [ERROR] Line 51: Unexpected token ;
22-07-2020 14:49:09.953 [Gauge] [DEBUG] Validation started.
22-07-2020 14:49:10.079 [js] [ERROR] Line 51: Unexpected token ;
22-07-2020 14:49:12.212 [Gauge] [DEBUG] Validation started.
22-07-2020 14:49:12.252 [js] [ERROR] Line 52: Unexpected token }
22-07-2020 14:49:14.385 [Gauge] [DEBUG] Validation started.
22-07-2020 14:49:16.638 [Gauge] [DEBUG] Validation started.
22-07-2020 14:49:18.843 [Gauge] [DEBUG] Validation started.
22-07-2020 14:49:21.015 [Gauge] [DEBUG] Validation started.
22-07-2020 14:49:25.541 [Gauge] [DEBUG] Validation started.
22-07-2020 14:49:27.967 [Gauge] [DEBUG] Validation started.
22-07-2020 14:49:52.170 [Gauge] [DEBUG] Validation started.
22-07-2020 14:49:54.278 [Gauge] [DEBUG] Validation started.
22-07-2020 14:50:21.252 [Gauge] [DEBUG] Validation started.
22-07-2020 14:50:40.238 [Gauge] [DEBUG] Validation started.
22-07-2020 14:51:17.801 [Gauge] [DEBUG] Validation started.
22-07-2020 14:53:13.909 [Gauge] [DEBUG] Validation started.
22-07-2020 14:53:17.068 [Gauge] [DEBUG] Validation started.
22-07-2020 14:53:19.256 [Gauge] [DEBUG] Validation started.
22-07-2020 14:53:21.419 [Gauge] [DEBUG] Validation started.
22-07-2020 14:53:23.584 [Gauge] [DEBUG] Validation started.
22-07-2020 14:53:25.799 [Gauge] [DEBUG] Validation started.
22-07-2020 14:54:32.377 [Gauge] [DEBUG] Validation started.
22-07-2020 14:55:53.867 [js] [ERROR] Line 55: Unexpected token ;
22-07-2020 14:55:54.236 [Gauge] [DEBUG] Validation started.
22-07-2020 14:55:56.412 [Gauge] [DEBUG] Validation started.
22-07-2020 14:55:59.537 [Gauge] [DEBUG] Validation started.
22-07-2020 14:58:23.282 [js] [ERROR] Line 55: Unexpected token ILLEGAL
22-07-2020 14:58:24.175 [js] [ERROR] Line 55: Unexpected token ILLEGAL
22-07-2020 14:58:25.469 [Gauge] [DEBUG] Validation started.
22-07-2020 14:58:27.758 [Gauge] [DEBUG] Validation started.
22-07-2020 15:00:22.890 [Gauge] [DEBUG] Validation started.
22-07-2020 15:01:02.576 [Gauge] [DEBUG] Validation started.
22-07-2020 15:01:46.271 [Gauge] [DEBUG] Validation started.
22-07-2020 15:01:48.603 [Gauge] [DEBUG] Validation started.
22-07-2020 15:01:50.734 [Gauge] [DEBUG] Validation started.
22-07-2020 15:01:52.956 [Gauge] [DEBUG] Validation started.
22-07-2020 15:01:55.061 [Gauge] [DEBUG] Validation started.
22-07-2020 15:02:31.935 [Gauge] [DEBUG] Validation started.
22-07-2020 15:02:38.197 [Gauge] [DEBUG] Validation started.
22-07-2020 15:02:40.349 [Gauge] [DEBUG] Validation started.
22-07-2020 15:02:45.598 [Gauge] [DEBUG] Validation started.
22-07-2020 15:03:10.810 [js] [ERROR] Line 61: Unexpected token ;
22-07-2020 15:03:11.214 [js] [ERROR] Line 61: Unexpected token ILLEGAL
22-07-2020 15:03:11.639 [js] [ERROR] Line 61: Unexpected token ILLEGAL
22-07-2020 15:03:11.872 [Gauge] [DEBUG] Validation started.
22-07-2020 15:03:12.573 [js] [ERROR] Line 61: Unexpected token ILLEGAL
22-07-2020 15:03:13.710 [js] [ERROR] Line 61: Unexpected identifier
22-07-2020 15:03:14.011 [Gauge] [DEBUG] Validation started.
22-07-2020 15:03:14.517 [js] [ERROR] Line 61: Unexpected identifier
22-07-2020 15:03:16.126 [Gauge] [DEBUG] Validation started.
22-07-2020 15:03:18.284 [Gauge] [DEBUG] Validation started.
22-07-2020 15:03:26.327 [Gauge] [DEBUG] Validation started.
22-07-2020 15:03:28.346 [js] [ERROR] Line 61: Unexpected token ;
22-07-2020 15:03:28.591 [Gauge] [DEBUG] Validation started.
22-07-2020 15:03:30.711 [Gauge] [DEBUG] Validation started.
22-07-2020 15:03:33.413 [Gauge] [DEBUG] Validation started.
22-07-2020 15:03:55.000 [Gauge] [DEBUG] Validation started.
22-07-2020 15:04:00.025 [Gauge] [DEBUG] Validation started.
22-07-2020 15:04:00.773 [js] [ERROR] Line 62: Unexpected token ;
22-07-2020 15:04:02.230 [Gauge] [DEBUG] Validation started.
22-07-2020 15:04:04.393 [Gauge] [DEBUG] Validation started.
22-07-2020 15:04:06.583 [Gauge] [DEBUG] Validation started.
22-07-2020 15:05:08.970 [Gauge] [DEBUG] Validation started.
22-07-2020 15:05:47.980 [js] [ERROR] Line 61: Unexpected token ;
22-07-2020 15:05:49.570 [Gauge] [DEBUG] Validation started.
22-07-2020 15:05:51.752 [Gauge] [DEBUG] Validation started.
22-07-2020 15:05:53.864 [Gauge] [DEBUG] Validation started.
22-07-2020 15:06:56.509 [Gauge] [DEBUG] Validation started.
22-07-2020 15:07:23.329 [Gauge] [DEBUG] Validation started.
22-07-2020 15:07:25.776 [Gauge] [DEBUG] Validation started.
22-07-2020 15:10:17.464 [Gauge] [DEBUG] Validation started.
22-07-2020 15:10:19.570 [js] [ERROR] Line 64: Unexpected token ;
22-07-2020 15:10:19.605 [Gauge] [DEBUG] Validation started.
22-07-2020 15:10:20.156 [js] [ERROR] Line 64: Unexpected identifier
22-07-2020 15:10:20.473 [js] [ERROR] Line 64: Unexpected identifier
22-07-2020 15:10:21.705 [js] [ERROR] Line 64: Unexpected identifier
22-07-2020 15:10:21.933 [js] [ERROR] Line 64: Unexpected identifier
22-07-2020 15:10:21.950 [Gauge] [DEBUG] Validation started.
22-07-2020 15:10:22.467 [js] [ERROR] Line 64: Unexpected identifier
22-07-2020 15:10:23.199 [js] [ERROR] Line 64: Unexpected identifier
22-07-2020 15:10:23.497 [js] [ERROR] Line 64: Unexpected token ;
22-07-2020 15:10:24.114 [Gauge] [DEBUG] Validation started.
22-07-2020 15:10:26.271 [Gauge] [DEBUG] Validation started.
22-07-2020 15:10:40.428 [Gauge] [DEBUG] Validation started.
22-07-2020 15:13:10.411 [Gauge] [DEBUG] Validation started.
22-07-2020 15:13:18.711 [js] [ERROR] Line 63: Unexpected token ILLEGAL
22-07-2020 15:13:19.162 [js] [ERROR] Line 63: Unexpected token ILLEGAL
22-07-2020 15:13:19.683 [js] [ERROR] Line 63: Unexpected token ILLEGAL
22-07-2020 15:13:20.026 [js] [ERROR] Line 63: Unexpected token ILLEGAL
22-07-2020 15:13:20.302 [js] [ERROR] Line 63: Unexpected identifier
22-07-2020 15:13:20.959 [Gauge] [DEBUG] Validation started.
22-07-2020 15:13:23.181 [Gauge] [DEBUG] Validation started.
22-07-2020 15:13:25.518 [Gauge] [DEBUG] Validation started.
22-07-2020 15:14:01.167 [Gauge] [DEBUG] Validation started.
22-07-2020 15:14:05.056 [Gauge] [DEBUG] Validation started.
22-07-2020 15:14:19.352 [Gauge] [DEBUG] Validation started.
22-07-2020 15:14:21.537 [Gauge] [DEBUG] Validation started.
22-07-2020 15:14:48.195 [js] [ERROR] Line 74: Unexpected token }
22-07-2020 15:14:48.553 [Gauge] [DEBUG] Validation started.
22-07-2020 15:14:50.797 [Gauge] [DEBUG] Validation started.
22-07-2020 15:14:51.519 [js] [ERROR] Line 73: Unexpected token )
22-07-2020 15:14:52.351 [js] [ERROR] Line 73: Unexpected token )
22-07-2020 15:14:52.943 [Gauge] [DEBUG] Validation started.
22-07-2020 15:14:55.145 [Gauge] [DEBUG] Validation started.
22-07-2020 15:14:57.603 [Gauge] [DEBUG] Validation started.
22-07-2020 15:14:59.785 [Gauge] [DEBUG] Validation started.
22-07-2020 15:15:01.990 [Gauge] [DEBUG] Validation started.
22-07-2020 15:15:03.998 [js] [ERROR] Line 73: Unexpected token )
22-07-2020 15:15:04.117 [Gauge] [DEBUG] Validation started.
22-07-2020 15:15:06.360 [Gauge] [DEBUG] Validation started.
22-07-2020 15:15:08.507 [Gauge] [DEBUG] Validation started.
22-07-2020 15:15:10.738 [Gauge] [DEBUG] Validation started.
22-07-2020 15:15:47.262 [Gauge] [DEBUG] Validation started.
22-07-2020 15:15:49.509 [Gauge] [DEBUG] Validation started.
22-07-2020 15:15:51.707 [Gauge] [DEBUG] Validation started.
22-07-2020 15:17:13.165 [Gauge] [DEBUG] Validation started.
22-07-2020 15:17:15.354 [Gauge] [DEBUG] Validation started.
22-07-2020 15:17:18.590 [Gauge] [DEBUG] Validation started.
22-07-2020 15:17:23.119 [Gauge] [DEBUG] Validation started.
22-07-2020 15:18:11.433 [Gauge] [DEBUG] Validation started.
22-07-2020 15:18:12.867 [js] [ERROR] Line 50: Unexpected token ILLEGAL
22-07-2020 15:18:15.054 [Gauge] [DEBUG] Validation started.
22-07-2020 15:18:16.409 [js] [ERROR] Line 44: Unexpected token ILLEGAL
22-07-2020 15:18:17.315 [Gauge] [DEBUG] Validation started.
22-07-2020 15:18:19.454 [Gauge] [DEBUG] Validation started.
22-07-2020 15:18:21.572 [Gauge] [DEBUG] Validation started.
22-07-2020 15:18:56.279 [js] [ERROR] Line 44: Unexpected token ILLEGAL
22-07-2020 15:18:57.354 [Gauge] [DEBUG] Validation started.
22-07-2020 15:18:57.385 [js] [ERROR] Line 50: Unexpected token ILLEGAL
22-07-2020 15:18:59.483 [Gauge] [DEBUG] Validation started.
22-07-2020 15:19:01.653 [Gauge] [DEBUG] Validation started.
22-07-2020 15:19:27.624 [Gauge] [DEBUG] Validation started.
22-07-2020 15:19:29.779 [Gauge] [DEBUG] Validation started.
22-07-2020 15:19:31.919 [Gauge] [DEBUG] Validation started.
22-07-2020 15:19:34.150 [Gauge] [DEBUG] Validation started.
22-07-2020 15:19:36.530 [Gauge] [DEBUG] Validation started.
22-07-2020 15:19:38.777 [Gauge] [DEBUG] Validation started.
22-07-2020 15:19:40.896 [Gauge] [DEBUG] Validation started.
22-07-2020 15:19:44.990 [Gauge] [DEBUG] Validation started.
22-07-2020 15:19:47.169 [Gauge] [DEBUG] Validation started.
22-07-2020 15:19:49.356 [Gauge] [DEBUG] Validation started.
22-07-2020 15:19:51.747 [Gauge] [DEBUG] Validation started.
22-07-2020 15:20:38.696 [Gauge] [DEBUG] Validation started.
22-07-2020 15:20:40.905 [Gauge] [DEBUG] Validation started.
22-07-2020 15:21:24.716 [Gauge] [DEBUG] Validation started.
22-07-2020 15:22:58.032 [Gauge] [DEBUG] Validation started.
22-07-2020 15:23:00.997 [Gauge] [DEBUG] Validation started.
22-07-2020 15:32:34.696 [Gauge] [DEBUG] Validation started.
22-07-2020 15:32:36.807 [Gauge] [DEBUG] Validation started.
22-07-2020 15:32:40.871 [Gauge] [DEBUG] Validation started.
22-07-2020 15:32:46.503 [Gauge] [DEBUG] Validation started.
22-07-2020 15:32:56.101 [Gauge] [DEBUG] Validation started.
22-07-2020 15:32:58.259 [Gauge] [DEBUG] Validation started.
22-07-2020 15:33:00.446 [Gauge] [DEBUG] Validation started.
22-07-2020 15:33:02.651 [Gauge] [DEBUG] Validation started.
22-07-2020 15:56:50.839 [Gauge] [DEBUG] Validation started.
22-07-2020 15:56:53.414 [Gauge] [DEBUG] Validation started.
22-07-2020 15:56:55.954 [Gauge] [DEBUG] Validation started.
22-07-2020 15:56:58.464 [Gauge] [DEBUG] Validation started.
22-07-2020 15:56:58.466 [Gauge] [DEBUG] Validation completed.
22-07-2020 15:57:00.955 [Gauge] [DEBUG] Validation started.
22-07-2020 15:57:00.956 [Gauge] [DEBUG] Validation completed.
22-07-2020 15:57:03.008 [Gauge] [DEBUG] request #691: textDocument/codeLens: failed to parse c:\Users\BerkayKarakoc\Desktop\todo-app\services\web\specs\example.spec
c:\Users\BerkayKarakoc\Desktop\todo-app\services\web\specs\example.spec:10 Step should not be blank
22-07-2020 15:57:03.102 [Gauge] [DEBUG] request #693: textDocument/documentSymbol: parsing failed for c:\Users\BerkayKarakoc\Desktop\todo-app\services\web\specs\example.spec. [[ParseError] c:\Users\BerkayKarakoc\Desktop\todo-app\services\web\specs\example.spec:10 Step should not be blank => '']
22-07-2020 15:57:03.401 [Gauge] [DEBUG] request #696: textDocument/codeLens: failed to parse c:\Users\BerkayKarakoc\Desktop\todo-app\services\web\specs\example.spec
c:\Users\BerkayKarakoc\Desktop\todo-app\services\web\specs\example.spec:10 Step should not be blank
22-07-2020 15:57:03.994 [Gauge] [INFO] Spec file added / modified: c:\Users\BerkayKarakoc\Desktop\todo-app\services\web\specs\example.spec
22-07-2020 15:57:03.997 [Gauge] [INFO] Spec file added / modified: c:\Users\BerkayKarakoc\Desktop\todo-app\services\web\specs\example.spec
22-07-2020 15:57:05.185 [Gauge] [DEBUG] Validation started.
22-07-2020 15:57:05.187 [Gauge] [DEBUG] Validation completed.
22-07-2020 15:57:07.735 [Gauge] [DEBUG] Validation started.
22-07-2020 15:57:07.737 [Gauge] [DEBUG] Validation completed.
22-07-2020 15:57:11.116 [Gauge] [DEBUG] request #709: textDocument/codeLens: failed to parse c:\Users\BerkayKarakoc\Desktop\todo-app\services\web\specs\example.spec
c:\Users\BerkayKarakoc\Desktop\todo-app\services\web\specs\example.spec:11 Step should not be blank
22-07-2020 15:57:11.658 [Gauge] [INFO] Spec file added / modified: c:\Users\BerkayKarakoc\Desktop\todo-app\services\web\specs\example.spec
22-07-2020 15:57:11.660 [Gauge] [INFO] Spec file added / modified: c:\Users\BerkayKarakoc\Desktop\todo-app\services\web\specs\example.spec
22-07-2020 15:57:13.007 [Gauge] [DEBUG] Validation started.
22-07-2020 15:57:13.010 [Gauge] [DEBUG] Validation completed.
22-07-2020 15:57:15.574 [Gauge] [DEBUG] Validation started.
22-07-2020 15:57:15.577 [Gauge] [DEBUG] Validation completed.
22-07-2020 15:57:17.192 [Gauge] [INFO] Spec file added / modified: c:\Users\BerkayKarakoc\Desktop\todo-app\services\web\specs\example.spec
22-07-2020 15:57:17.195 [Gauge] [INFO] Spec file added / modified: c:\Users\BerkayKarakoc\Desktop\todo-app\services\web\specs\example.spec
22-07-2020 15:57:18.583 [Gauge] [DEBUG] Validation started.
22-07-2020 15:57:18.587 [Gauge] [DEBUG] Validation completed.
22-07-2020 15:57:21.236 [Gauge] [DEBUG] Validation started.
22-07-2020 15:57:21.242 [Gauge] [DEBUG] Validation completed.
22-07-2020 15:57:22.304 [Gauge] [INFO] Spec file added / modified: c:\Users\BerkayKarakoc\Desktop\todo-app\services\web\specs\example.spec
22-07-2020 15:57:22.307 [Gauge] [INFO] Spec file added / modified: c:\Users\BerkayKarakoc\Desktop\todo-app\services\web\specs\example.spec
22-07-2020 15:57:22.936 [Gauge] [DEBUG] request #736: textDocument/codeLens: failed to parse c:\Users\BerkayKarakoc\Desktop\todo-app\services\web\specs\example.spec
c:\Users\BerkayKarakoc\Desktop\todo-app\services\web\specs\example.spec:13 Step should not be blank
22-07-2020 15:57:23.425 [Gauge] [INFO] Spec file added / modified: c:\Users\BerkayKarakoc\Desktop\todo-app\services\web\specs\example.spec
22-07-2020 15:57:23.429 [Gauge] [INFO] Spec file added / modified: c:\Users\BerkayKarakoc\Desktop\todo-app\services\web\specs\example.spec
22-07-2020 15:57:24.609 [Gauge] [DEBUG] Validation started.
22-07-2020 15:57:24.613 [Gauge] [DEBUG] Validation completed.
22-07-2020 15:57:27.011 [Gauge] [DEBUG] Validation started.
22-07-2020 15:57:27.016 [Gauge] [DEBUG] Validation completed.
22-07-2020 15:57:29.839 [Gauge] [DEBUG] request #749: textDocument/codeLens: failed to parse c:\Users\BerkayKarakoc\Desktop\todo-app\services\web\specs\example.spec
c:\Users\BerkayKarakoc\Desktop\todo-app\services\web\specs\example.spec:14 Step should not be blank
22-07-2020 15:57:30.387 [Gauge] [INFO] Spec file added / modified: c:\Users\BerkayKarakoc\Desktop\todo-app\services\web\specs\example.spec
22-07-2020 15:57:30.390 [Gauge] [INFO] Spec file added / modified: c:\Users\BerkayKarakoc\Desktop\todo-app\services\web\specs\example.spec
22-07-2020 15:57:31.766 [Gauge] [DEBUG] Validation started.
22-07-2020 15:57:31.772 [Gauge] [DEBUG] Validation completed.
22-07-2020 15:57:34.315 [Gauge] [DEBUG] Validation started.
22-07-2020 15:57:34.323 [Gauge] [DEBUG] Validation completed.
22-07-2020 15:57:41.419 [Gauge] [DEBUG] Validation started.
22-07-2020 15:57:41.424 [Gauge] [DEBUG] Validation completed.
22-07-2020 15:57:43.854 [Gauge] [DEBUG] Validation started.
22-07-2020 15:57:43.859 [Gauge] [DEBUG] Validation completed.
22-07-2020 15:57:46.695 [Gauge] [DEBUG] Validation started.
22-07-2020 15:57:46.703 [Gauge] [DEBUG] Validation completed.
22-07-2020 15:57:49.283 [Gauge] [DEBUG] Validation started.
22-07-2020 15:57:49.288 [Gauge] [DEBUG] Validation completed.
22-07-2020 15:57:53.195 [Gauge] [DEBUG] Validation started.
22-07-2020 15:57:53.204 [Gauge] [DEBUG] Validation completed.
22-07-2020 15:57:55.550 [Gauge] [DEBUG] Validation started.
22-07-2020 15:57:55.556 [Gauge] [DEBUG] Validation completed.
22-07-2020 15:57:57.899 [Gauge] [DEBUG] Validation started.
22-07-2020 15:57:57.905 [Gauge] [DEBUG] Validation completed.
22-07-2020 15:59:14.075 [Gauge] [DEBUG] Validation started.
22-07-2020 15:59:14.079 [Gauge] [DEBUG] Validation completed.
22-07-2020 15:59:14.135 [Gauge] [INFO] Spec file added / modified: c:\Users\BerkayKarakoc\Desktop\todo-app\services\web\specs\example.spec
22-07-2020 15:59:14.138 [Gauge] [INFO] Spec file added / modified: c:\Users\BerkayKarakoc\Desktop\todo-app\services\web\specs\example.spec
22-07-2020 15:59:14.920 [Gauge] [INFO] Spec file added / modified: c:\Users\BerkayKarakoc\Desktop\todo-app\services\web\specs\example.spec
22-07-2020 15:59:14.922 [Gauge] [INFO] Spec file added / modified: c:\Users\BerkayKarakoc\Desktop\todo-app\services\web\specs\example.spec
22-07-2020 15:59:16.248 [Gauge] [DEBUG] Validation started.
22-07-2020 15:59:16.253 [Gauge] [DEBUG] Validation completed.
22-07-2020 15:59:16.557 [Gauge] [INFO] Spec file added / modified: c:\Users\BerkayKarakoc\Desktop\todo-app\services\web\specs\example.spec
22-07-2020 15:59:16.559 [Gauge] [INFO] Spec file added / modified: c:\Users\BerkayKarakoc\Desktop\todo-app\services\web\specs\example.spec
22-07-2020 15:59:18.464 [Gauge] [DEBUG] Validation started.
22-07-2020 15:59:18.469 [Gauge] [DEBUG] Validation completed.
22-07-2020 15:59:20.643 [Gauge] [DEBUG] Validation started.
22-07-2020 15:59:20.646 [Gauge] [DEBUG] Validation completed.
22-07-2020 15:59:22.378 [Gauge] [INFO] Spec file added / modified: c:\Users\BerkayKarakoc\Desktop\todo-app\services\web\specs\example.spec
22-07-2020 15:59:22.380 [Gauge] [INFO] Spec file added / modified: c:\Users\BerkayKarakoc\Desktop\todo-app\services\web\specs\example.spec
22-07-2020 16:06:18.742 [Gauge] [DEBUG] Validation started.
22-07-2020 16:06:18.748 [Gauge] [DEBUG] Validation completed.
22-07-2020 16:07:56.361 [Gauge] [INFO] Spec file removed: c:\Users\BerkayKarakoc\Desktop\todo-app\services\web\specs\example.spec
22-07-2020 16:07:56.361 [Gauge] [INFO] Spec file added / modified: c:\Users\BerkayKarakoc\Desktop\todo-app\services\web\specs\ui.spec
22-07-2020 16:07:56.363 [Gauge] [INFO] Spec file added / modified: c:\Users\BerkayKarakoc\Desktop\todo-app\services\web\specs\ui.spec
22-07-2020 16:07:59.086 [Gauge] [DEBUG] Validation started.
22-07-2020 16:07:59.091 [Gauge] [DEBUG] Validation completed.
22-07-2020 16:08:01.347 [Gauge] [DEBUG] Validation started.
22-07-2020 16:08:01.354 [Gauge] [DEBUG] Validation completed.
22-07-2020 16:09:52.592 [Gauge] [INFO] Spec file added / modified: c:\Users\BerkayKarakoc\Desktop\todo-app\services\web\specs\ui.spec
22-07-2020 16:09:52.599 [Gauge] [INFO] Spec file added / modified: c:\Users\BerkayKarakoc\Desktop\todo-app\services\web\specs\ui.spec
22-07-2020 16:09:54.035 [Gauge] [DEBUG] Validation started.
22-07-2020 16:09:54.042 [Gauge] [DEBUG] Validation completed.
22-07-2020 16:09:54.343 [Gauge] [INFO] Spec file added / modified: c:\Users\BerkayKarakoc\Desktop\todo-app\services\web\specs\ui.spec
22-07-2020 16:09:54.347 [Gauge] [INFO] Spec file added / modified: c:\Users\BerkayKarakoc\Desktop\todo-app\services\web\specs\ui.spec
22-07-2020 16:09:55.728 [Gauge] [INFO] Spec file added / modified: c:\Users\BerkayKarakoc\Desktop\todo-app\services\web\specs\ui.spec
22-07-2020 16:09:55.731 [Gauge] [INFO] Spec file added / modified: c:\Users\BerkayKarakoc\Desktop\todo-app\services\web\specs\ui.spec
22-07-2020 16:09:56.336 [Gauge] [INFO] Spec file added / modified: c:\Users\BerkayKarakoc\Desktop\todo-app\services\web\specs\ui.spec
22-07-2020 16:09:56.339 [Gauge] [INFO] Spec file added / modified: c:\Users\BerkayKarakoc\Desktop\todo-app\services\web\specs\ui.spec
22-07-2020 16:09:56.494 [Gauge] [DEBUG] Validation started.
22-07-2020 16:09:56.503 [Gauge] [DEBUG] Validation completed.
22-07-2020 16:09:58.869 [Gauge] [DEBUG] Validation started.
22-07-2020 16:09:58.874 [Gauge] [DEBUG] Validation completed.
22-07-2020 16:10:00.063 [Gauge] [INFO] Spec file added / modified: c:\Users\BerkayKarakoc\Desktop\todo-app\services\web\specs\ui.spec
22-07-2020 16:10:00.066 [Gauge] [INFO] Spec file added / modified: c:\Users\BerkayKarakoc\Desktop\todo-app\services\web\specs\ui.spec
22-07-2020 16:10:01.284 [Gauge] [DEBUG] Validation started.
22-07-2020 16:10:01.289 [Gauge] [DEBUG] Validation completed.
22-07-2020 16:10:03.570 [Gauge] [DEBUG] Validation started.
22-07-2020 16:10:03.575 [Gauge] [DEBUG] Validation completed.
22-07-2020 16:10:11.341 [Gauge] [INFO] Spec file added / modified: c:\Users\BerkayKarakoc\Desktop\todo-app\services\web\specs\ui.spec
22-07-2020 16:10:11.344 [Gauge] [INFO] Spec file added / modified: c:\Users\BerkayKarakoc\Desktop\todo-app\services\web\specs\ui.spec
22-07-2020 16:10:11.908 [Gauge] [INFO] Spec file added / modified: c:\Users\BerkayKarakoc\Desktop\todo-app\services\web\specs\ui.spec
22-07-2020 16:10:11.911 [Gauge] [INFO] Spec file added / modified: c:\Users\BerkayKarakoc\Desktop\todo-app\services\web\specs\ui.spec
22-07-2020 16:10:12.958 [Gauge] [DEBUG] Validation started.
22-07-2020 16:10:12.963 [Gauge] [DEBUG] Validation completed.
22-07-2020 16:10:12.982 [Gauge] [INFO] Spec file added / modified: c:\Users\BerkayKarakoc\Desktop\todo-app\services\web\specs\ui.spec
22-07-2020 16:10:12.988 [Gauge] [INFO] Spec file added / modified: c:\Users\BerkayKarakoc\Desktop\todo-app\services\web\specs\ui.spec
22-07-2020 16:10:13.851 [Gauge] [INFO] Spec file added / modified: c:\Users\BerkayKarakoc\Desktop\todo-app\services\web\specs\ui.spec
22-07-2020 16:10:13.854 [Gauge] [INFO] Spec file added / modified: c:\Users\BerkayKarakoc\Desktop\todo-app\services\web\specs\ui.spec
22-07-2020 16:10:15.397 [Gauge] [DEBUG] Validation started.
22-07-2020 16:10:15.404 [Gauge] [DEBUG] Validation completed.
22-07-2020 16:10:17.655 [Gauge] [DEBUG] Validation started.
22-07-2020 16:10:17.660 [Gauge] [DEBUG] Validation completed.
22-07-2020 16:10:25.542 [Gauge] [INFO] Spec file added / modified: c:\Users\BerkayKarakoc\Desktop\todo-app\services\web\specs\ui.spec
22-07-2020 16:10:25.545 [Gauge] [INFO] Spec file added / modified: c:\Users\BerkayKarakoc\Desktop\todo-app\services\web\specs\ui.spec
22-07-2020 16:10:26.194 [Gauge] [INFO] Spec file added / modified: c:\Users\BerkayKarakoc\Desktop\todo-app\services\web\specs\ui.spec
22-07-2020 16:10:26.197 [Gauge] [INFO] Spec file added / modified: c:\Users\BerkayKarakoc\Desktop\todo-app\services\web\specs\ui.spec
22-07-2020 16:10:26.452 [Gauge] [INFO] Spec file added / modified: c:\Users\BerkayKarakoc\Desktop\todo-app\services\web\specs\ui.spec
22-07-2020 16:10:26.455 [Gauge] [INFO] Spec file added / modified: c:\Users\BerkayKarakoc\Desktop\todo-app\services\web\specs\ui.spec
22-07-2020 16:10:27.597 [Gauge] [DEBUG] Validation started.
22-07-2020 16:10:27.604 [Gauge] [DEBUG] Validation completed.
22-07-2020 16:10:30.589 [Gauge] [DEBUG] Validation started.
22-07-2020 16:10:30.595 [Gauge] [DEBUG] Validation completed.
22-07-2020 16:10:52.570 [Gauge] [INFO] Spec file added / modified: c:\Users\BerkayKarakoc\Desktop\todo-app\services\web\specs\ui.spec
22-07-2020 16:10:52.573 [Gauge] [INFO] Spec file added / modified: c:\Users\BerkayKarakoc\Desktop\todo-app\services\web\specs\ui.spec
22-07-2020 16:10:53.592 [Gauge] [INFO] Spec file added / modified: c:\Users\BerkayKarakoc\Desktop\todo-app\services\web\specs\ui.spec
22-07-2020 16:10:53.594 [Gauge] [INFO] Spec file added / modified: c:\Users\BerkayKarakoc\Desktop\todo-app\services\web\specs\ui.spec
22-07-2020 16:10:54.035 [Gauge] [DEBUG] Validation started.
22-07-2020 16:10:54.041 [Gauge] [DEBUG] Validation completed.
22-07-2020 16:10:56.363 [Gauge] [DEBUG] Validation started.
22-07-2020 16:10:56.369 [Gauge] [DEBUG] Validation completed.
22-07-2020 16:11:35.196 [Gauge] [INFO] Spec file added / modified: c:\Users\BerkayKarakoc\Desktop\todo-app\services\web\specs\ui.spec
22-07-2020 16:11:35.199 [Gauge] [INFO] Spec file added / modified: c:\Users\BerkayKarakoc\Desktop\todo-app\services\web\specs\ui.spec
22-07-2020 16:11:59.127 [Gauge] [INFO] Spec file removed: c:\Users\BerkayKarakoc\Desktop\todo-app\services\web\specs\ui.spec
22-07-2020 16:11:59.128 [Gauge] [INFO] Spec file added / modified: c:\Users\BerkayKarakoc\Desktop\todo-app\services\web\specs\example.spec
22-07-2020 16:11:59.129 [Gauge] [INFO] Spec file added / modified: c:\Users\BerkayKarakoc\Desktop\todo-app\services\web\specs\example.spec
22-07-2020 16:12:02.035 [Gauge] [DEBUG] Validation started.
22-07-2020 16:12:02.040 [Gauge] [DEBUG] Validation completed.
22-07-2020 16:12:04.330 [Gauge] [DEBUG] Validation started.
22-07-2020 16:12:04.339 [Gauge] [DEBUG] Validation completed.
22-07-2020 16:12:04.426 [Gauge] [INFO] Spec file added / modified: c:\Users\BerkayKarakoc\Desktop\todo-app\services\web\specs\example.spec
22-07-2020 16:12:04.429 [Gauge] [INFO] Spec file added / modified: c:\Users\BerkayKarakoc\Desktop\todo-app\services\web\specs\example.spec
22-07-2020 16:12:34.072 [Gauge] [INFO] Spec file added / modified: c:\Users\BerkayKarakoc\Desktop\todo-app\services\web\specs\example.spec
22-07-2020 16:12:34.077 [Gauge] [INFO] Spec file added / modified: c:\Users\BerkayKarakoc\Desktop\todo-app\services\web\specs\example.spec
22-07-2020 16:12:36.016 [Gauge] [DEBUG] Validation started.
22-07-2020 16:12:36.022 [Gauge] [DEBUG] Validation completed.
22-07-2020 16:12:38.732 [Gauge] [DEBUG] Validation started.
22-07-2020 16:12:38.738 [Gauge] [DEBUG] Validation completed.
22-07-2020 16:23:00.208 [Gauge] [DEBUG] Validation started.
22-07-2020 16:23:00.214 [Gauge] [DEBUG] Validation completed.
22-07-2020 16:23:42.505 [Gauge] [DEBUG] Validation started.
22-07-2020 16:23:42.510 [Gauge] [DEBUG] Validation completed.
22-07-2020 16:23:46.765 [Gauge] [DEBUG] Validation started.
22-07-2020 16:23:46.771 [Gauge] [DEBUG] Validation completed.
22-07-2020 16:23:51.076 [Gauge] [DEBUG] Validation started.
22-07-2020 16:23:51.082 [Gauge] [DEBUG] Validation completed.
22-07-2020 16:23:58.925 [Gauge] [DEBUG] Validation started.
22-07-2020 16:23:58.933 [Gauge] [DEBUG] Validation completed.
22-07-2020 16:26:12.342 [Gauge] [DEBUG] Validation started.
22-07-2020 16:26:12.349 [Gauge] [DEBUG] Validation completed.
22-07-2020 16:26:28.750 [Gauge] [DEBUG] Validation started.
22-07-2020 16:26:28.755 [Gauge] [DEBUG] Validation completed.
22-07-2020 17:23:32.194 [Gauge] [DEBUG] Runner with PID:7768 has exited
22-07-2020 17:23:32.216 [Gauge] [INFO] Connection closed
22-07-2020 17:23:32.216 [Gauge] [ERROR] Unable to log error 'Connection closed' to LSP: jsonrpc2: connection is closed
